04.02.2020 18:41:59     OrthoMaster (EDUCATION mode) Version 8.0.9.55161 (64bit), build #216 of 2018-09-07 11:27
04.02.2020 18:41:59     Generation of Orthophotos
04.02.2020 18:41:59     Parallel processing
04.02.2020 18:41:59     Parameters of Generation
04.02.2020 18:41:59     Orthophoto pixelsize                         0.250    [m]
04.02.2020 18:41:59     Orthophoto null value                        0        0    0
04.02.2020 18:41:59     Orthophoto null value, no DTM                0        0    0
04.02.2020 18:41:59     Orthophoto image georeference format         tiff/tfw [tif,tfw]
04.02.2020 18:41:59     Overview image generation                    No Overviews
04.02.2020 18:41:59     Generation of tiled output image             Off
04.02.2020 18:41:59     Watermark image usage                        Off
04.02.2020 18:41:59     Naming of orthophoto images                  FallDmittel<PHOTO>
04.02.2020 18:41:59     Directory of output orthophoto images        "//studserv/d/users/v078/Documents/5 Semester/Photogrammetrie/2/foto/FallD/mittele"
04.02.2020 18:41:59     Orthophoto area definition method            Ortho Areas        
04.02.2020 18:41:59     Usage of the area of interest                Off
04.02.2020 18:41:59     Azimuth of the ortho photo images            0.0000   [deg]
04.02.2020 18:41:59     Rectification method                         Exact
04.02.2020 18:41:59     Resampling method                            Bilinear
04.02.2020 18:41:59     Usage of visibility mask                     Off
04.02.2020 18:41:59     A defined plane used as a height model, its parameters
04.02.2020 18:41:59     Origin, East                                 0.000    [m]
04.02.2020 18:41:59     Origin, North                                0.000    [m]
04.02.2020 18:41:59     Height of the plane at the origin            335.000  [m]
04.02.2020 18:41:59     Tilt angle of the plane, East direction      0.0000   [deg]
04.02.2020 18:41:59     Tilt angle of the plane, North direction     0.0000   [deg]
04.02.2020 18:41:59 *W* Available disk space: 0 MB
04.02.2020 18:41:59     Processing photo : 20010010
04.02.2020 18:41:59     Processing photo : 20010011
04.02.2020 18:41:59     Input image : \\studserv\d\users\v078\Documents\5 Semester\Photogrammetrie\1\20010011.tif
04.02.2020 18:41:59     Input image : \\studserv\d\users\v078\Documents\5 Semester\Photogrammetrie\1\20010010.tif
04.02.2020 18:41:59     Parameters of the Output Orthophoto
04.02.2020 18:41:59     Image filename : //studserv/d/users/v078/Documents/5 Semester/Photogrammetrie/2/foto/FallD/mittele/FallDmittel20010010
04.02.2020 18:41:59     Sensor: Ue1, 120.0 [mm]
04.02.2020 18:41:59     Area covered by the orthophoto   497242.375  5421395.875   497477.125  5421602.875 [m]
04.02.2020 18:41:59     Orthophoto size (width,height, in pixels) 940 829
04.02.2020 18:41:59     Parameters of the Output Orthophoto
04.02.2020 18:41:59     Image filename : //studserv/d/users/v078/Documents/5 Semester/Photogrammetrie/2/foto/FallD/mittele/FallDmittel20010011
04.02.2020 18:41:59     Sensor: Ue1, 120.0 [mm]
04.02.2020 18:41:59     Area covered by the orthophoto   497243.125  5421395.375   497478.875  5421603.625 [m]
04.02.2020 18:41:59     Orthophoto size (width,height, in pixels) 944 834
04.02.2020 18:42:00     Computation time in detail
04.02.2020 18:42:00     ..Transformation of object coordinates to pixel coordinates : 21.2 %
04.02.2020 18:42:00     ..Area of interest checking :  0.0 %
04.02.2020 18:42:00     ..Interpolation of the pixel intensities : 14.0 %
04.02.2020 18:42:00     ..File IO for the input image : 46.1 %
04.02.2020 18:42:00     ..File IO for the output image : 11.6 %
04.02.2020 18:42:00     ..Generation of the visibility mask :  0.0 %
04.02.2020 18:42:00     ..Generation of Overviews :  0.0 %
04.02.2020 18:42:00     ..Generation of rgn files :  7.2 %
04.02.2020 18:42:00     ..Overall time used (including non-computational parts) : 0.9
04.02.2020 18:42:00     Successfully processed 2 of 2 images
