04.02.2020 18:14:57     OrthoMaster (EDUCATION mode) Version 8.0.9.55161 (64bit), build #216 of 2018-09-07 11:27
04.02.2020 18:14:57     Generation of Orthophotos
04.02.2020 18:14:57     Parallel processing
04.02.2020 18:14:57     Parameters of Generation
04.02.2020 18:14:57     Orthophoto pixelsize                         1.000    [m]
04.02.2020 18:14:57     Orthophoto null value                        0        0    0
04.02.2020 18:14:57     Orthophoto null value, no DTM                0        0    0
04.02.2020 18:14:57     Orthophoto image georeference format         tiff/tfw [tif,tfw]
04.02.2020 18:14:57     Overview image generation                    No Overviews
04.02.2020 18:14:57     Generation of tiled output image             Off
04.02.2020 18:14:57     Watermark image usage                        Off
04.02.2020 18:14:57     Naming of orthophoto images                  FallA100<PHOTO>
04.02.2020 18:14:57     Directory of output orthophoto images        "//studserv/d/users/v078/Documents/5 Semester/Photogrammetrie/2/foto/FallA/1m"
04.02.2020 18:14:57     Orthophoto area definition method            Ortho Areas        
04.02.2020 18:14:57     Usage of the area of interest                Off
04.02.2020 18:14:57     Azimuth of the ortho photo images            0.0000   [deg]
04.02.2020 18:14:57     Rectification method                         Exact
04.02.2020 18:14:57     Resampling method                            Bilinear
04.02.2020 18:14:57     Usage of visibility mask                     Off
04.02.2020 18:14:57     Height model in use                          \\studserv\d\users\v078\Documents\5 Semester\Photogrammetrie\1\dom_vaihingen.dtm
                                                                     //studserv/d/users/v078/Documents/5 Semester/Photogrammetrie/1/dgm_vaihingen.dtm
                        
04.02.2020 18:14:57 *W* Available disk space: 0 MB
04.02.2020 18:14:57     Processing photo : 20010010
04.02.2020 18:14:57     Processing photo : 20010011
04.02.2020 18:14:57     Input image : \\studserv\d\users\v078\Documents\5 Semester\Photogrammetrie\1\20010011.tif
04.02.2020 18:14:57     Parameters of the Output Orthophoto
04.02.2020 18:14:57     Image filename : //studserv/d/users/v078/Documents/5 Semester/Photogrammetrie/2/foto/FallA/1m/FallA10020010011
04.02.2020 18:14:57     Sensor: Ue1, 120.0 [mm]
04.02.2020 18:14:57     Area covered by the orthophoto   497243.500  5421395.500   497478.500  5421603.500 [m]
04.02.2020 18:14:58     Orthophoto size (width,height, in pixels) 236 209
04.02.2020 18:14:58     Input image : \\studserv\d\users\v078\Documents\5 Semester\Photogrammetrie\1\20010010.tif
04.02.2020 18:14:58     Parameters of the Output Orthophoto
04.02.2020 18:14:58     Image filename : //studserv/d/users/v078/Documents/5 Semester/Photogrammetrie/2/foto/FallA/1m/FallA10020010010
04.02.2020 18:14:58     Sensor: Ue1, 120.0 [mm]
04.02.2020 18:14:58     Area covered by the orthophoto   497242.500  5421396.500   497476.500  5421602.500 [m]
04.02.2020 18:14:58     Orthophoto size (width,height, in pixels) 235 207
04.02.2020 18:14:58     Computation time in detail
04.02.2020 18:14:58     ..Transformation of object coordinates to pixel coordinates : 10.3 %
04.02.2020 18:14:58     ..Area of interest checking :  0.0 %
04.02.2020 18:14:58     ..Interpolation of the pixel intensities :  0.0 %
04.02.2020 18:14:58     ..File IO for the input image : 89.7 %
04.02.2020 18:14:58     ..File IO for the output image :  0.0 %
04.02.2020 18:14:58     ..Generation of the visibility mask :  0.0 %
04.02.2020 18:14:58     ..Generation of Overviews :  0.0 %
04.02.2020 18:14:58     ..Generation of rgn files :  0.0 %
04.02.2020 18:14:58     ..Overall time used (including non-computational parts) : 0.6
04.02.2020 18:14:58     Successfully processed 2 of 2 images
