04.02.2020 18:48:56     OrthoMaster (EDUCATION mode) Version 8.0.9.55161 (64bit), build #216 of 2018-09-07 11:27
04.02.2020 18:48:56     Generation of Orthophotos
04.02.2020 18:48:56     Parallel processing
04.02.2020 18:48:56     Parameters of Generation
04.02.2020 18:48:56     Orthophoto pixelsize                         0.250    [m]
04.02.2020 18:48:56     Orthophoto null value                        0        0    0
04.02.2020 18:48:56     Orthophoto null value, no DTM                0        0    0
04.02.2020 18:48:56     Orthophoto image georeference format         tiff/tfw [tif,tfw]
04.02.2020 18:48:56     Overview image generation                    No Overviews
04.02.2020 18:48:56     Generation of tiled output image             Off
04.02.2020 18:48:56     Watermark image usage                        Off
04.02.2020 18:48:56     Naming of orthophoto images                  FallD50niedrig<PHOTO>
04.02.2020 18:48:56     Directory of output orthophoto images        "//studserv/d/users/v078/Documents/5 Semester/Photogrammetrie/2/foto/FallD/50-"
04.02.2020 18:48:56     Orthophoto area definition method            Ortho Areas        
04.02.2020 18:48:56     Usage of the area of interest                Off
04.02.2020 18:48:56     Azimuth of the ortho photo images            0.0000   [deg]
04.02.2020 18:48:56     Rectification method                         Exact
04.02.2020 18:48:56     Resampling method                            Bilinear
04.02.2020 18:48:56     Usage of visibility mask                     Off
04.02.2020 18:48:56     A defined plane used as a height model, its parameters
04.02.2020 18:48:56     Origin, East                                 0.000    [m]
04.02.2020 18:48:56     Origin, North                                0.000    [m]
04.02.2020 18:48:56     Height of the plane at the origin            285.000  [m]
04.02.2020 18:48:56     Tilt angle of the plane, East direction      0.0000   [deg]
04.02.2020 18:48:56     Tilt angle of the plane, North direction     0.0000   [deg]
04.02.2020 18:48:56 *W* Available disk space: 0 MB
04.02.2020 18:48:56     Processing photo : 20010010
04.02.2020 18:48:56     Processing photo : 20010011
04.02.2020 18:48:57     Input image : \\studserv\d\users\v078\Documents\5 Semester\Photogrammetrie\1\20010011.tif
04.02.2020 18:48:57     Input image : \\studserv\d\users\v078\Documents\5 Semester\Photogrammetrie\1\20010010.tif
04.02.2020 18:48:57     Parameters of the Output Orthophoto
04.02.2020 18:48:57     Image filename : //studserv/d/users/v078/Documents/5 Semester/Photogrammetrie/2/foto/FallD/50-/FallD50niedrig20010010
04.02.2020 18:48:57     Sensor: Ue1, 120.0 [mm]
04.02.2020 18:48:57     Area covered by the orthophoto   497242.375  5421395.875   497477.125  5421602.875 [m]
04.02.2020 18:48:57     Orthophoto size (width,height, in pixels) 940 829
04.02.2020 18:48:57     Parameters of the Output Orthophoto
04.02.2020 18:48:57     Image filename : //studserv/d/users/v078/Documents/5 Semester/Photogrammetrie/2/foto/FallD/50-/FallD50niedrig20010011
04.02.2020 18:48:57     Sensor: Ue1, 120.0 [mm]
04.02.2020 18:48:57     Area covered by the orthophoto   497243.125  5421395.375   497478.875  5421603.625 [m]
04.02.2020 18:48:57     Orthophoto size (width,height, in pixels) 944 834
04.02.2020 18:48:57     Computation time in detail
04.02.2020 18:48:57     ..Transformation of object coordinates to pixel coordinates : 29.4 %
04.02.2020 18:48:57     ..Area of interest checking : 12.3 %
04.02.2020 18:48:57     ..Interpolation of the pixel intensities :  4.8 %
04.02.2020 18:48:57     ..File IO for the input image : 36.4 %
04.02.2020 18:48:57     ..File IO for the output image :  9.5 %
04.02.2020 18:48:57     ..Generation of the visibility mask :  0.0 %
04.02.2020 18:48:57     ..Generation of Overviews :  0.0 %
04.02.2020 18:48:57     ..Generation of rgn files :  7.5 %
04.02.2020 18:48:57     ..Overall time used (including non-computational parts) : 0.8
04.02.2020 18:48:57     Successfully processed 2 of 2 images
