04.02.2020 18:59:38     OrthoMaster (EDUCATION mode) Version 8.0.9.55161 (64bit), build #216 of 2018-09-07 11:27
04.02.2020 18:59:38     Generation of Orthophotos
04.02.2020 18:59:38     Parallel processing
04.02.2020 18:59:38     Parameters of Generation
04.02.2020 18:59:38     Orthophoto pixelsize                         0.250    [m]
04.02.2020 18:59:38     Orthophoto null value                        0        0    0
04.02.2020 18:59:38     Orthophoto null value, no DTM                0        0    0
04.02.2020 18:59:38     Orthophoto image georeference format         tiff/tfw [tif,tfw]
04.02.2020 18:59:38     Overview image generation                    No Overviews
04.02.2020 18:59:38     Generation of tiled output image             Off
04.02.2020 18:59:38     Watermark image usage                        Off
04.02.2020 18:59:38     Naming of orthophoto images                  FallDOM<PHOTO>
04.02.2020 18:59:38     Directory of output orthophoto images        "//studserv/d/users/v078/Documents/5 Semester/Photogrammetrie/2/foto/DOM"
04.02.2020 18:59:38     Orthophoto area definition method            Ortho Areas        
04.02.2020 18:59:38     Usage of the area of interest                Off
04.02.2020 18:59:38     Azimuth of the ortho photo images            0.0000   [deg]
04.02.2020 18:59:38     Rectification method                         Exact
04.02.2020 18:59:38     Resampling method                            Bilinear
04.02.2020 18:59:38     Usage of visibility mask                     Off
04.02.2020 18:59:38     Height model in use                          //studserv/d/users/v078/Documents/5 Semester/Photogrammetrie/1/dom_vaihingen.dtm
                        
04.02.2020 18:59:38 *W* Available disk space: 0 MB
04.02.2020 18:59:38     Processing photo : 20010010
04.02.2020 18:59:39     Processing photo : 20010011
04.02.2020 18:59:39     Input image : \\studserv\d\users\v078\Documents\5 Semester\Photogrammetrie\1\20010011.tif
04.02.2020 18:59:39     Input image : \\studserv\d\users\v078\Documents\5 Semester\Photogrammetrie\1\20010010.tif
04.02.2020 18:59:39     Parameters of the Output Orthophoto
04.02.2020 18:59:39     Image filename : //studserv/d/users/v078/Documents/5 Semester/Photogrammetrie/2/foto/DOM/FallDOM20010010
04.02.2020 18:59:39     Sensor: Ue1, 120.0 [mm]
04.02.2020 18:59:39     Area covered by the orthophoto   497242.375  5421395.875   497477.125  5421602.875 [m]
04.02.2020 18:59:39     Orthophoto size (width,height, in pixels) 940 829
04.02.2020 18:59:39     Parameters of the Output Orthophoto
04.02.2020 18:59:39     Image filename : //studserv/d/users/v078/Documents/5 Semester/Photogrammetrie/2/foto/DOM/FallDOM20010011
04.02.2020 18:59:39     Sensor: Ue1, 120.0 [mm]
04.02.2020 18:59:39     Area covered by the orthophoto   497243.125  5421395.375   497478.875  5421603.625 [m]
04.02.2020 18:59:39     Orthophoto size (width,height, in pixels) 944 834
04.02.2020 18:59:39     Computation time in detail
04.02.2020 18:59:39     ..Transformation of object coordinates to pixel coordinates : 49.2 %
04.02.2020 18:59:39     ..Area of interest checking :  2.4 %
04.02.2020 18:59:39     ..Interpolation of the pixel intensities :  7.2 %
04.02.2020 18:59:39     ..File IO for the input image : 36.7 %
04.02.2020 18:59:39     ..File IO for the output image :  0.0 %
04.02.2020 18:59:39     ..Generation of the visibility mask :  0.0 %
04.02.2020 18:59:39     ..Generation of Overviews :  0.0 %
04.02.2020 18:59:39     ..Generation of rgn files :  4.6 %
04.02.2020 18:59:39     ..Overall time used (including non-computational parts) : 0.9
04.02.2020 18:59:39     Successfully processed 2 of 2 images
