04.02.2020 18:17:17     OrthoMaster (EDUCATION mode) Version 8.0.9.55161 (64bit), build #216 of 2018-09-07 11:27
04.02.2020 18:17:17     Generation of Orthophotos
04.02.2020 18:17:17     Parallel processing
04.02.2020 18:17:17     Parameters of Generation
04.02.2020 18:17:17     Orthophoto pixelsize                         0.250    [m]
04.02.2020 18:17:17     Orthophoto null value                        0        0    0
04.02.2020 18:17:17     Orthophoto null value, no DTM                0        0    0
04.02.2020 18:17:17     Orthophoto image georeference format         tiff/tfw [tif,tfw]
04.02.2020 18:17:17     Overview image generation                    No Overviews
04.02.2020 18:17:17     Generation of tiled output image             Off
04.02.2020 18:17:17     Watermark image usage                        Off
04.02.2020 18:17:17     Naming of orthophoto images                  FallBneighbour<PHOTO>
04.02.2020 18:17:17     Directory of output orthophoto images        "//studserv/d/users/v078/Documents/5 Semester/Photogrammetrie/2/foto/FallB/nearstneibour"
04.02.2020 18:17:17     Orthophoto area definition method            Ortho Areas        
04.02.2020 18:17:17     Usage of the area of interest                Off
04.02.2020 18:17:17     Azimuth of the ortho photo images            0.0000   [deg]
04.02.2020 18:17:17     Rectification method                         Exact
04.02.2020 18:17:17     Resampling method                            NearestNeighbour
04.02.2020 18:17:17     Usage of visibility mask                     Off
04.02.2020 18:17:17     Height model in use                          \\studserv\d\users\v078\Documents\5 Semester\Photogrammetrie\1\dom_vaihingen.dtm
                                                                     //studserv/d/users/v078/Documents/5 Semester/Photogrammetrie/1/dgm_vaihingen.dtm
                        
04.02.2020 18:17:17 *W* Available disk space: 0 MB
04.02.2020 18:17:17     Processing photo : 20010010
04.02.2020 18:17:17     Processing photo : 20010011
04.02.2020 18:17:17     Input image : \\studserv\d\users\v078\Documents\5 Semester\Photogrammetrie\1\20010010.tif
04.02.2020 18:17:17     Input image : \\studserv\d\users\v078\Documents\5 Semester\Photogrammetrie\1\20010011.tif
04.02.2020 18:17:17     Parameters of the Output Orthophoto
04.02.2020 18:17:17     Image filename : //studserv/d/users/v078/Documents/5 Semester/Photogrammetrie/2/foto/FallB/nearstneibour/FallBneighbour20010011
04.02.2020 18:17:17     Sensor: Ue1, 120.0 [mm]
04.02.2020 18:17:17     Area covered by the orthophoto   497243.125  5421395.375   497478.875  5421603.625 [m]
04.02.2020 18:17:17     Orthophoto size (width,height, in pixels) 944 834
04.02.2020 18:17:17     Parameters of the Output Orthophoto
04.02.2020 18:17:17     Image filename : //studserv/d/users/v078/Documents/5 Semester/Photogrammetrie/2/foto/FallB/nearstneibour/FallBneighbour20010010
04.02.2020 18:17:17     Sensor: Ue1, 120.0 [mm]
04.02.2020 18:17:17     Area covered by the orthophoto   497242.375  5421395.875   497477.125  5421602.875 [m]
04.02.2020 18:17:17     Orthophoto size (width,height, in pixels) 940 829
04.02.2020 18:17:18     Computation time in detail
04.02.2020 18:17:18     ..Transformation of object coordinates to pixel coordinates : 31.9 %
04.02.2020 18:17:18     ..Area of interest checking :  4.2 %
04.02.2020 18:17:18     ..Interpolation of the pixel intensities :  6.4 %
04.02.2020 18:17:18     ..File IO for the input image : 47.0 %
04.02.2020 18:17:18     ..File IO for the output image :  8.3 %
04.02.2020 18:17:18     ..Generation of the visibility mask :  0.0 %
04.02.2020 18:17:18     ..Generation of Overviews :  0.0 %
04.02.2020 18:17:18     ..Generation of rgn files :  2.2 %
04.02.2020 18:17:18     ..Overall time used (including non-computational parts) : 0.9
04.02.2020 18:17:18     Successfully processed 2 of 2 images
