04.02.2020 18:25:01     OrthoMaster (EDUCATION mode) Version 8.0.9.55161 (64bit), build #216 of 2018-09-07 11:27
04.02.2020 18:25:01     Generation of Orthophotos
04.02.2020 18:25:01     Parallel processing
04.02.2020 18:25:01     Parameters of Generation
04.02.2020 18:25:01     Orthophoto pixelsize                         0.250    [m]
04.02.2020 18:25:01     Orthophoto null value                        0        0    0
04.02.2020 18:25:01     Orthophoto null value, no DTM                0        0    0
04.02.2020 18:25:01     Orthophoto image georeference format         tiff/tfw [tif,tfw]
04.02.2020 18:25:01     Overview image generation                    No Overviews
04.02.2020 18:25:01     Generation of tiled output image             Off
04.02.2020 18:25:01     Watermark image usage                        Off
04.02.2020 18:25:01     Naming of orthophoto images                  FallC025<PHOTO>
04.02.2020 18:25:01     Directory of output orthophoto images        "//studserv/d/users/v078/Documents/5 Semester/Photogrammetrie/2/foto/FallC/aner0.25"
04.02.2020 18:25:01     Orthophoto area definition method            Ortho Areas        
04.02.2020 18:25:01     Usage of the area of interest                Off
04.02.2020 18:25:01     Azimuth of the ortho photo images            0.0000   [deg]
04.02.2020 18:25:01     Rectification method                         Fast
04.02.2020 18:25:01     Distance between anchor points               0.250    [m]
04.02.2020 18:25:01     Resampling method                            CubicConvolution
04.02.2020 18:25:01     Usage of visibility mask                     Off
04.02.2020 18:25:01     Height model in use                          \\studserv\d\users\v078\Documents\5 Semester\Photogrammetrie\1\dom_vaihingen.dtm
                                                                     //studserv/d/users/v078/Documents/5 Semester/Photogrammetrie/1/dgm_vaihingen.dtm
                        
04.02.2020 18:25:01 *W* Available disk space: 0 MB
04.02.2020 18:25:01     Processing photo : 20010010
04.02.2020 18:25:01     Processing photo : 20010011
04.02.2020 18:25:01     Input image : \\studserv\d\users\v078\Documents\5 Semester\Photogrammetrie\1\20010011.tif
04.02.2020 18:25:01     Input image : \\studserv\d\users\v078\Documents\5 Semester\Photogrammetrie\1\20010010.tif
04.02.2020 18:25:02     Parameters of the Output Orthophoto
04.02.2020 18:25:02     Image filename : //studserv/d/users/v078/Documents/5 Semester/Photogrammetrie/2/foto/FallC/aner0.25/FallC02520010010
04.02.2020 18:25:02     Sensor: Ue1, 120.0 [mm]
04.02.2020 18:25:02     Area covered by the orthophoto   497242.375  5421395.875   497477.125  5421602.875 [m]
04.02.2020 18:25:02     Orthophoto size (width,height, in pixels) 940 829
04.02.2020 18:25:02     Parameters of the Output Orthophoto
04.02.2020 18:25:02     Image filename : //studserv/d/users/v078/Documents/5 Semester/Photogrammetrie/2/foto/FallC/aner0.25/FallC02520010011
04.02.2020 18:25:02     Sensor: Ue1, 120.0 [mm]
04.02.2020 18:25:02     Area covered by the orthophoto   497243.125  5421395.375   497478.875  5421603.625 [m]
04.02.2020 18:25:02     Orthophoto size (width,height, in pixels) 944 834
04.02.2020 18:25:02     Computation time in detail
04.02.2020 18:25:02     ..Transformation of object coordinates to pixel coordinates : 35.6 %
04.02.2020 18:25:02     ..Area of interest checking :  2.3 %
04.02.2020 18:25:02     ..Interpolation of the pixel intensities : 13.2 %
04.02.2020 18:25:02     ..File IO for the input image : 40.0 %
04.02.2020 18:25:02     ..File IO for the output image :  2.3 %
04.02.2020 18:25:02     ..Generation of the visibility mask :  0.0 %
04.02.2020 18:25:02     ..Generation of Overviews :  0.0 %
04.02.2020 18:25:02     ..Generation of rgn files :  6.6 %
04.02.2020 18:25:02     ..Overall time used (including non-computational parts) : 0.9
04.02.2020 18:25:02     Successfully processed 2 of 2 images
