04.02.2020 18:09:59     OrthoMaster (EDUCATION mode) Version 8.0.9.55161 (64bit), build #216 of 2018-09-07 11:27
04.02.2020 18:09:59     Generation of Orthophotos
04.02.2020 18:09:59     Parallel processing
04.02.2020 18:09:59     Parameters of Generation
04.02.2020 18:09:59     Orthophoto pixelsize                         0.200    [m]
04.02.2020 18:09:59     Orthophoto null value                        0        0    0
04.02.2020 18:09:59     Orthophoto null value, no DTM                0        0    0
04.02.2020 18:09:59     Orthophoto image georeference format         tiff/tfw [tif,tfw]
04.02.2020 18:09:59     Overview image generation                    No Overviews
04.02.2020 18:09:59     Generation of tiled output image             Off
04.02.2020 18:09:59     Watermark image usage                        Off
04.02.2020 18:09:59     Naming of orthophoto images                  Fall0<PHOTO>
04.02.2020 18:09:59     Directory of output orthophoto images        "//studserv/d/users/v078/Documents/5 Semester/Photogrammetrie/2/foto"
04.02.2020 18:09:59     Orthophoto area definition method            Ortho Areas        
04.02.2020 18:09:59     Usage of the area of interest                Off
04.02.2020 18:09:59     Azimuth of the ortho photo images            0.0000   [deg]
04.02.2020 18:09:59     Rectification method                         Exact
04.02.2020 18:09:59     Resampling method                            Bilinear
04.02.2020 18:09:59     Usage of visibility mask                     Off
04.02.2020 18:09:59     Height model in use                          \\studserv\d\users\v078\Documents\5 Semester\Photogrammetrie\1\dom_vaihingen.dtm
                                                                     //studserv/d/users/v078/Documents/5 Semester/Photogrammetrie/1/dgm_vaihingen.dtm
                        
04.02.2020 18:09:59 *W* Available disk space: 0 MB
04.02.2020 18:09:59     Processing photo : 20010010
04.02.2020 18:09:59     Processing photo : 20010011
04.02.2020 18:09:59     Input image : \\studserv\d\users\v078\Documents\5 Semester\Photogrammetrie\1\20010010.tif
04.02.2020 18:09:59     Input image : \\studserv\d\users\v078\Documents\5 Semester\Photogrammetrie\1\20010011.tif
04.02.2020 18:09:59     Parameters of the Output Orthophoto
04.02.2020 18:09:59     Parameters of the Output Orthophoto
04.02.2020 18:09:59     Image filename : //studserv/d/users/v078/Documents/5 Semester/Photogrammetrie/2/foto/Fall020010011
04.02.2020 18:09:59     Image filename : //studserv/d/users/v078/Documents/5 Semester/Photogrammetrie/2/foto/Fall020010010
04.02.2020 18:09:59     Sensor: Ue1, 120.0 [mm]
04.02.2020 18:09:59     Sensor: Ue1, 120.0 [mm]
04.02.2020 18:09:59     Area covered by the orthophoto   497242.900  5421395.300   497478.700  5421603.700 [m]
04.02.2020 18:09:59     Area covered by the orthophoto   497242.500  5421395.900   497477.300  5421602.900 [m]
04.02.2020 18:09:59     Orthophoto size (width,height, in pixels) 1180 1043
04.02.2020 18:09:59     Orthophoto size (width,height, in pixels) 1175 1036
04.02.2020 18:10:00     Computation time in detail
04.02.2020 18:10:00     ..Transformation of object coordinates to pixel coordinates : 38.0 %
04.02.2020 18:10:00     ..Area of interest checking :  0.0 %
04.02.2020 18:10:00     ..Interpolation of the pixel intensities : 19.1 %
04.02.2020 18:10:00     ..File IO for the input image : 30.9 %
04.02.2020 18:10:00     ..File IO for the output image :  6.9 %
04.02.2020 18:10:00     ..Generation of the visibility mask :  0.0 %
04.02.2020 18:10:00     ..Generation of Overviews :  0.0 %
04.02.2020 18:10:00     ..Generation of rgn files :  5.1 %
04.02.2020 18:10:00     ..Overall time used (including non-computational parts) : 0.10
04.02.2020 18:10:00     Successfully processed 2 of 2 images
